
          -------------------------------------------------------
          Amber 12 SANDER                              2012
          -------------------------------------------------------

| Run on 12/10/2012 at 10:20:27
  [-O]verwriting output

File Assignments:
|  MDIN: relax01.in                                                            
| MDOUT: relax01.out                                                           
|INPCRD: ../output.rst7                                                        
|  PARM: ../output.parm7                                                       
|RESTRT: relax01.rst7                                                          
|  REFC: ../output.rst7                                                        
| MDVEL: mdvel                                                                 
|  MDEN: mden                                                                  
| MDCRD: mdcrd                                                                 
|MDINFO: mdinfo                                                                
|  MTMD: mtmd                                                                  
|INPDIP: inpdip                                                                
|RSTDIP: rstdip                                                                

|INPTRA: inptraj                                                               
|
 
 Here is the input file:
 
#                                                                              
# relax01                                                                      
#                                                                              
# geometry optimization of all atoms                                           
#                                                                              
                                                                               
&cntrl                                                                         
 imin=1,                                                                       
 maxcyc=1000,                                                                  
 ncyc=1000,                                                                    
                                                                               
 ntpr=10,                                                                      
                                                                               
 ntf=1,                                                                        
 ntb=0,                                                                        
 cut=999,                                                                      
                                                                               
 ntc=1,                                                                        
                                                                               
&end                                                                           
                                                                               

--------------------------------------------------------------------------------
   1.  RESOURCE   USE: 
--------------------------------------------------------------------------------

| Flags:                                                                        
|    NONPERIODIC   ntb=0 and igb=0: Setting up nonperiodic simulation
|  *** cutoff > system size, list only builds once
|Largest sphere to fit in unit cell has radius =    32.454
| New format PARM file being parsed.
| Version =    1.000 Date = 12/10/12 Time = 10:08:50
 NATOM  =     134 NTYPES =      10 NBONH =      82 MBONA  =      51
 NTHETH =     197 MTHETA =      59 NPHIH =     317 MPHIA  =     109
 NHPARM =       0 NPARM  =       0 NNB   =     753 NRES   =       1
 NBONA  =      51 NTHETA =      59 NPHIA =     109 NUMBND =      14
 NUMANG =      27 NPTRA  =      28 NATYP =      11 NPHB   =       0
 IFBOX  =       0 NMXRS  =     134 IFCAP =       0 NEXTRA =       0
 NCOPY  =       0


|     Memory Use     Allocated
|     Real                9898
|     Hollerith            405
|     Integer            44986
|     Max Pairs           8911
|     nblistReal          1608
|     nblist Int       1300518
|       Total             5382 kbytes

| Note: 1-4 EEL scale factors are being read from the topology file.

| Note: 1-4 VDW scale factors are being read from the topology file.
| Duplicated    0 dihedrals
| Duplicated    0 dihedrals

--------------------------------------------------------------------------------
   2.  CONTROL  DATA  FOR  THE  RUN
--------------------------------------------------------------------------------

BLA                                                                             

General flags:
     imin    =       1, nmropt  =       0

Nature and format of input:
     ntx     =       1, irest   =       0, ntrx    =       1

Nature and format of output:
     ntxo    =       1, ntpr    =      10, ntrx    =       1, ntwr    =     500
     iwrap   =       0, ntwx    =       0, ntwv    =       0, ntwe    =       0
     ioutfm  =       0, ntwprt  =       0, idecomp =       0, rbornstat=      0

Potential function:
     ntf     =       1, ntb     =       0, igb     =       0, nsnb    =      25
     ipol    =       0, gbsa    =       0, iesp    =       0
     dielc   =   1.00000, cut     = 999.00000, intdiel =   1.00000

Frozen or restrained atoms:
     ibelly  =       0, ntr     =       0

Energy minimization:
     maxcyc  =    1000, ncyc    =    1000, ntmin   =       1
     dx0     =   0.01000, drms    =   0.00010
|  INFO: Old style inpcrd file read


--------------------------------------------------------------------------------
   3.  ATOMIC COORDINATES AND VELOCITIES
--------------------------------------------------------------------------------

BLA                                                                             
 begin time read from input coords =     0.000 ps

 Number of triangulated 3-point waters found:        0

     Sum of charges from parm topology file =   0.00599899
     Forcing neutrality...

--------------------------------------------------------------------------------
   4.  RESULTS
--------------------------------------------------------------------------------

 ---------------------------------------------------

     eedmeth=4: Setting switch to one everywhere

 ---------------------------------------------------
| Local SIZE OF NONBOND LIST =       8166
| TOTAL SIZE OF NONBOND LIST =       8166


   NSTEP       ENERGY          RMS            GMAX         NAME    NUMBER
      1      -3.6880E+00     6.9277E+00     3.3376E+01     O4        109

 BOND    =        3.8075  ANGLE   =       15.3118  DIHED      =       44.8956
 VDWAALS =      -19.1725  EEL     =     -116.0835  HBOND      =        0.0000
 1-4 VDW =       19.6111  1-4 EEL =       47.9419  RESTRAINT  =        0.0000


   NSTEP       ENERGY          RMS            GMAX         NAME    NUMBER
     10      -1.3340E+01     3.3248E+00     3.1078E+01     C9         27

 BOND    =        1.6056  ANGLE   =       11.1672  DIHED      =       44.6456
 VDWAALS =      -19.8078  EEL     =     -117.0211  HBOND      =        0.0000
 1-4 VDW =       18.6498  1-4 EEL =       47.4209  RESTRAINT  =        0.0000


   NSTEP       ENERGY          RMS            GMAX         NAME    NUMBER
     20      -1.4544E+01     7.8098E-01     7.4480E+00     C8         24

 BOND    =        1.1733  ANGLE   =       10.7019  DIHED      =       44.5698
 VDWAALS =      -20.0183  EEL     =     -116.6992  HBOND      =        0.0000
 1-4 VDW =       18.3513  1-4 EEL =       47.3775  RESTRAINT  =        0.0000


   NSTEP       ENERGY          RMS            GMAX         NAME    NUMBER
     30      -1.4827E+01     8.7684E-01     8.7589E+00     C8         24

 BOND    =        1.2470  ANGLE   =       10.7175  DIHED      =       44.5021
 VDWAALS =      -20.1519  EEL     =     -116.5699  HBOND      =        0.0000
 1-4 VDW =       18.0969  1-4 EEL =       47.3316  RESTRAINT  =        0.0000


   NSTEP       ENERGY          RMS            GMAX         NAME    NUMBER
     40      -1.5012E+01     9.7369E-01     9.9631E+00     C8         24

 BOND    =        1.3096  ANGLE   =       10.7832  DIHED      =       44.4423
 VDWAALS =      -20.2487  EEL     =     -116.4891  HBOND      =        0.0000
 1-4 VDW =       17.8989  1-4 EEL =       47.2915  RESTRAINT  =        0.0000


   NSTEP       ENERGY          RMS            GMAX         NAME    NUMBER
     50      -1.5208E+01     2.1346E-01     7.9051E-01     O4        109

 BOND    =        1.2951  ANGLE   =       10.8709  DIHED      =       44.3913
 VDWAALS =      -20.3196  EEL     =     -116.4440  HBOND      =        0.0000
 1-4 VDW =       17.7369  1-4 EEL =       47.2618  RESTRAINT  =        0.0000


   NSTEP       ENERGY          RMS            GMAX         NAME    NUMBER
     60      -1.5333E+01     2.7257E-01     2.2318E+00     C9         27

 BOND    =        1.3348  ANGLE   =       10.9543  DIHED      =       44.3383
 VDWAALS =      -20.3819  EEL     =     -116.4005  HBOND      =        0.0000
 1-4 VDW =       17.5926  1-4 EEL =       47.2297  RESTRAINT  =        0.0000


   NSTEP       ENERGY          RMS            GMAX         NAME    NUMBER
     70      -1.5420E+01     5.2401E-01     5.3562E+00     C9         27

 BOND    =        1.3749  ANGLE   =       11.0310  DIHED      =       44.2913
 VDWAALS =      -20.4286  EEL     =     -116.3688  HBOND      =        0.0000
 1-4 VDW =       17.4770  1-4 EEL =       47.2028  RESTRAINT  =        0.0000


   NSTEP       ENERGY          RMS            GMAX         NAME    NUMBER
     80      -1.5501E+01     5.2480E-01     5.4072E+00     C9         27

 BOND    =        1.4000  ANGLE   =       11.0875  DIHED      =       44.2502
 VDWAALS =      -20.4634  EEL     =     -116.3432  HBOND      =        0.0000
 1-4 VDW =       17.3879  1-4 EEL =       47.1798  RESTRAINT  =        0.0000


   NSTEP       ENERGY          RMS            GMAX         NAME    NUMBER
     90      -1.5568E+01     5.8026E-01     6.0489E+00     C9         27

 BOND    =        1.4242  ANGLE   =       11.1377  DIHED      =       44.2116
 VDWAALS =      -20.4914  EEL     =     -116.3215  HBOND      =        0.0000
 1-4 VDW =       17.3120  1-4 EEL =       47.1591  RESTRAINT  =        0.0000


   NSTEP       ENERGY          RMS            GMAX         NAME    NUMBER
    100      -1.5656E+01     1.8346E-01     1.3235E+00     C8         24

 BOND    =        1.4338  ANGLE   =       11.1677  DIHED      =       44.1722
 VDWAALS =      -20.5161  EEL     =     -116.2983  HBOND      =        0.0000
 1-4 VDW =       17.2468  1-4 EEL =       47.1375  RESTRAINT  =        0.0000


   NSTEP       ENERGY          RMS            GMAX         NAME    NUMBER
    110      -1.5716E+01     1.4442E-01     5.6057E-01     C8         24

 BOND    =        1.4482  ANGLE   =       11.2043  DIHED      =       44.1375
 VDWAALS =      -20.5347  EEL     =     -116.2815  HBOND      =        0.0000
 1-4 VDW =       17.1908  1-4 EEL =       47.1197  RESTRAINT  =        0.0000


   NSTEP       ENERGY          RMS            GMAX         NAME    NUMBER
    120      -1.5775E+01     2.9311E-01     2.8677E+00     C8         24

 BOND    =        1.4700  ANGLE   =       11.2365  DIHED      =       44.0989
 VDWAALS =      -20.5525  EEL     =     -116.2629  HBOND      =        0.0000
 1-4 VDW =       17.1356  1-4 EEL =       47.0998  RESTRAINT  =        0.0000


   NSTEP       ENERGY          RMS            GMAX         NAME    NUMBER
    130      -1.5832E+01     1.8730E-01     1.5195E+00     C8         24

 BOND    =        1.4789  ANGLE   =       11.2664  DIHED      =       44.0645
 VDWAALS =      -20.5659  EEL     =     -116.2480  HBOND      =        0.0000
 1-4 VDW =       17.0891  1-4 EEL =       47.0826  RESTRAINT  =        0.0000


   NSTEP       ENERGY          RMS            GMAX         NAME    NUMBER
    140      -1.5880E+01     3.4142E-01     3.4587E+00     C8         24

 BOND    =        1.4969  ANGLE   =       11.2887  DIHED      =       44.0305
 VDWAALS =      -20.5773  EEL     =     -116.2330  HBOND      =        0.0000
 1-4 VDW =       17.0485  1-4 EEL =       47.0653  RESTRAINT  =        0.0000


   NSTEP       ENERGY          RMS            GMAX         NAME    NUMBER
    150      -1.5931E+01     3.8765E-01     3.9941E+00     C8         24

 BOND    =        1.5101  ANGLE   =       11.3108  DIHED      =       43.9959
 VDWAALS =      -20.5871  EEL     =     -116.2186  HBOND      =        0.0000
 1-4 VDW =       17.0099  1-4 EEL =       47.0478  RESTRAINT  =        0.0000


   NSTEP       ENERGY          RMS            GMAX         NAME    NUMBER
    160      -1.5978E+01     3.9702E-01     4.1042E+00     C8         24

 BOND    =        1.5196  ANGLE   =       11.3289  DIHED      =       43.9647
 VDWAALS =      -20.5945  EEL     =     -116.2061  HBOND      =        0.0000
 1-4 VDW =       16.9774  1-4 EEL =       47.0319  RESTRAINT  =        0.0000


   NSTEP       ENERGY          RMS            GMAX         NAME    NUMBER
    170      -1.6034E+01     1.2739E-01     5.1739E-01     C8         24

 BOND    =        1.5159  ANGLE   =       11.3509  DIHED      =       43.9336
 VDWAALS =      -20.6003  EEL     =     -116.1950  HBOND      =        0.0000
 1-4 VDW =       16.9451  1-4 EEL =       47.0162  RESTRAINT  =        0.0000


   NSTEP       ENERGY          RMS            GMAX         NAME    NUMBER
    180      -1.6068E+01     4.6070E-01     4.8205E+00     C8         24

 BOND    =        1.5393  ANGLE   =       11.3594  DIHED      =       43.9022
 VDWAALS =      -20.6059  EEL     =     -116.1820  HBOND      =        0.0000
 1-4 VDW =       16.9192  1-4 EEL =       46.9996  RESTRAINT  =        0.0000


   NSTEP       ENERGY          RMS            GMAX         NAME    NUMBER
    190      -1.6113E+01     4.9927E-01     5.2480E+00     C8         24

 BOND    =        1.5490  ANGLE   =       11.3725  DIHED      =       43.8705
 VDWAALS =      -20.6101  EEL     =     -116.1701  HBOND      =        0.0000
 1-4 VDW =       16.8925  1-4 EEL =       46.9829  RESTRAINT  =        0.0000


   NSTEP       ENERGY          RMS            GMAX         NAME    NUMBER
    200      -1.6167E+01     1.2077E-01     4.5705E-01     C8         24

 BOND    =        1.5364  ANGLE   =       11.3893  DIHED      =       43.8434
 VDWAALS =      -20.6124  EEL     =     -116.1613  HBOND      =        0.0000
 1-4 VDW =       16.8684  1-4 EEL =       46.9687  RESTRAINT  =        0.0000


   NSTEP       ENERGY          RMS            GMAX         NAME    NUMBER
    210      -1.6212E+01     1.2077E-01     4.8443E-01     C8         24

 BOND    =        1.5422  ANGLE   =       11.3997  DIHED      =       43.8134
 VDWAALS =      -20.6147  EEL     =     -116.1506  HBOND      =        0.0000
 1-4 VDW =       16.8459  1-4 EEL =       46.9525  RESTRAINT  =        0.0000


   NSTEP       ENERGY          RMS            GMAX         NAME    NUMBER
    220      -1.6254E+01     1.5347E-01     1.1567E+00     C9         27

 BOND    =        1.5473  ANGLE   =       11.4099  DIHED      =       43.7838
 VDWAALS =      -20.6163  EEL     =     -116.1402  HBOND      =        0.0000
 1-4 VDW =       16.8247  1-4 EEL =       46.9363  RESTRAINT  =        0.0000


   NSTEP       ENERGY          RMS            GMAX         NAME    NUMBER
    230      -1.6297E+01     1.5695E-01     1.2230E+00     C9         27

 BOND    =        1.5521  ANGLE   =       11.4181  DIHED      =       43.7547
 VDWAALS =      -20.6172  EEL     =     -116.1301  HBOND      =        0.0000
 1-4 VDW =       16.8052  1-4 EEL =       46.9200  RESTRAINT  =        0.0000


   NSTEP       ENERGY          RMS            GMAX         NAME    NUMBER
    240      -1.6334E+01     2.9494E-01     2.9694E+00     C9         27

 BOND    =        1.5581  ANGLE   =       11.4280  DIHED      =       43.7268
 VDWAALS =      -20.6174  EEL     =     -116.1208  HBOND      =        0.0000
 1-4 VDW =       16.7868  1-4 EEL =       46.9043  RESTRAINT  =        0.0000


   NSTEP       ENERGY          RMS            GMAX         NAME    NUMBER
    250      -1.6374E+01     3.1873E-01     3.2442E+00     C9         27

 BOND    =        1.5626  ANGLE   =       11.4348  DIHED      =       43.6987
 VDWAALS =      -20.6172  EEL     =     -116.1112  HBOND      =        0.0000
 1-4 VDW =       16.7699  1-4 EEL =       46.8883  RESTRAINT  =        0.0000


   NSTEP       ENERGY          RMS            GMAX         NAME    NUMBER
    260      -1.6411E+01     3.3677E-01     3.4516E+00     C9         27

 BOND    =        1.5665  ANGLE   =       11.4403  DIHED      =       43.6729
 VDWAALS =      -20.6166  EEL     =     -116.1025  HBOND      =        0.0000
 1-4 VDW =       16.7550  1-4 EEL =       46.8732  RESTRAINT  =        0.0000


   NSTEP       ENERGY          RMS            GMAX         NAME    NUMBER
    270      -1.6449E+01     3.6891E-01     3.8153E+00     C9         27

 BOND    =        1.5707  ANGLE   =       11.4457  DIHED      =       43.6461
 VDWAALS =      -20.6156  EEL     =     -116.0936  HBOND      =        0.0000
 1-4 VDW =       16.7402  1-4 EEL =       46.8575  RESTRAINT  =        0.0000


   NSTEP       ENERGY          RMS            GMAX         NAME    NUMBER
    280      -1.6494E+01     1.1951E-01     6.1754E-01     C8         24

 BOND    =        1.5713  ANGLE   =       11.4425  DIHED      =       43.6209
 VDWAALS =      -20.6148  EEL     =     -116.0844  HBOND      =        0.0000
 1-4 VDW =       16.7287  1-4 EEL =       46.8422  RESTRAINT  =        0.0000


   NSTEP       ENERGY          RMS            GMAX         NAME    NUMBER
    290      -1.6521E+01     4.2376E-01     4.4271E+00     C9         27

 BOND    =        1.5780  ANGLE   =       11.4544  DIHED      =       43.5955
 VDWAALS =      -20.6126  EEL     =     -116.0768  HBOND      =        0.0000
 1-4 VDW =       16.7140  1-4 EEL =       46.8271  RESTRAINT  =        0.0000


   NSTEP       ENERGY          RMS            GMAX         NAME    NUMBER
    300      -1.6557E+01     4.6728E-01     4.9067E+00     C9         27

 BOND    =        1.5822  ANGLE   =       11.4585  DIHED      =       43.5693
 VDWAALS =      -20.6106  EEL     =     -116.0682  HBOND      =        0.0000
 1-4 VDW =       16.7012  1-4 EEL =       46.8110  RESTRAINT  =        0.0000


   NSTEP       ENERGY          RMS            GMAX         NAME    NUMBER
    310      -1.6602E+01     1.0957E-01     3.9895E-01     H69       122

 BOND    =        1.5782  ANGLE   =       11.4518  DIHED      =       43.5475
 VDWAALS =      -20.6093  EEL     =     -116.0601  HBOND      =        0.0000
 1-4 VDW =       16.6931  1-4 EEL =       46.7972  RESTRAINT  =        0.0000


   NSTEP       ENERGY          RMS            GMAX         NAME    NUMBER
    320      -1.6639E+01     1.1076E-01     4.4443E-01     C8         24

 BOND    =        1.5804  ANGLE   =       11.4540  DIHED      =       43.5223
 VDWAALS =      -20.6069  EEL     =     -116.0517  HBOND      =        0.0000
 1-4 VDW =       16.6818  1-4 EEL =       46.7814  RESTRAINT  =        0.0000


   NSTEP       ENERGY          RMS            GMAX         NAME    NUMBER
    330      -1.6674E+01     1.4017E-01     1.0574E+00     C8         24

 BOND    =        1.5834  ANGLE   =       11.4551  DIHED      =       43.4976
 VDWAALS =      -20.6044  EEL     =     -116.0435  HBOND      =        0.0000
 1-4 VDW =       16.6714  1-4 EEL =       46.7658  RESTRAINT  =        0.0000


   NSTEP       ENERGY          RMS            GMAX         NAME    NUMBER
    340      -1.6711E+01     1.4336E-01     1.1133E+00     C8         24

 BOND    =        1.5853  ANGLE   =       11.4566  DIHED      =       43.4730
 VDWAALS =      -20.6016  EEL     =     -116.0354  HBOND      =        0.0000
 1-4 VDW =       16.6611  1-4 EEL =       46.7500  RESTRAINT  =        0.0000


   NSTEP       ENERGY          RMS            GMAX         NAME    NUMBER
    350      -1.6743E+01     2.7266E-01     2.7429E+00     C8         24

 BOND    =        1.5915  ANGLE   =       11.4559  DIHED      =       43.4493
 VDWAALS =      -20.5989  EEL     =     -116.0273  HBOND      =        0.0000
 1-4 VDW =       16.6522  1-4 EEL =       46.7346  RESTRAINT  =        0.0000


   NSTEP       ENERGY          RMS            GMAX         NAME    NUMBER
    360      -1.6777E+01     2.9255E-01     2.9721E+00     C8         24

 BOND    =        1.5939  ANGLE   =       11.4566  DIHED      =       43.4256
 VDWAALS =      -20.5958  EEL     =     -116.0194  HBOND      =        0.0000
 1-4 VDW =       16.6430  1-4 EEL =       46.7190  RESTRAINT  =        0.0000


   NSTEP       ENERGY          RMS            GMAX         NAME    NUMBER
    370      -1.6809E+01     3.0918E-01     3.1611E+00     C8         24

 BOND    =        1.5959  ANGLE   =       11.4571  DIHED      =       43.4034
 VDWAALS =      -20.5928  EEL     =     -116.0121  HBOND      =        0.0000
 1-4 VDW =       16.6347  1-4 EEL =       46.7044  RESTRAINT  =        0.0000


   NSTEP       ENERGY          RMS            GMAX         NAME    NUMBER
    380      -1.6842E+01     3.4225E-01     3.5316E+00     C8         24

 BOND    =        1.5987  ANGLE   =       11.4572  DIHED      =       43.3806
 VDWAALS =      -20.5895  EEL     =     -116.0045  HBOND      =        0.0000
 1-4 VDW =       16.6264  1-4 EEL =       46.6892  RESTRAINT  =        0.0000


   NSTEP       ENERGY          RMS            GMAX         NAME    NUMBER
    390      -1.6881E+01     1.0781E-01     4.6259E-01     C8         24

 BOND    =        1.5900  ANGLE   =       11.4623  DIHED      =       43.3586
 VDWAALS =      -20.5857  EEL     =     -115.9980  HBOND      =        0.0000
 1-4 VDW =       16.6169  1-4 EEL =       46.6746  RESTRAINT  =        0.0000


   NSTEP       ENERGY          RMS            GMAX         NAME    NUMBER
    400      -1.6905E+01     3.9247E-01     4.0880E+00     C8         24

 BOND    =        1.6033  ANGLE   =       11.4570  DIHED      =       43.3367
 VDWAALS =      -20.5828  EEL     =     -115.9899  HBOND      =        0.0000
 1-4 VDW =       16.6110  1-4 EEL =       46.6594  RESTRAINT  =        0.0000


   NSTEP       ENERGY          RMS            GMAX         NAME    NUMBER
    410      -1.6937E+01     4.2876E-01     4.4862E+00     C8         24

 BOND    =        1.6063  ANGLE   =       11.4566  DIHED      =       43.3143
 VDWAALS =      -20.5793  EEL     =     -115.9825  HBOND      =        0.0000
 1-4 VDW =       16.6035  1-4 EEL =       46.6441  RESTRAINT  =        0.0000


   NSTEP       ENERGY          RMS            GMAX         NAME    NUMBER
    420      -1.6976E+01     1.0316E-01     3.8534E-01     C8         24

 BOND    =        1.5927  ANGLE   =       11.4618  DIHED      =       43.2951
 VDWAALS =      -20.5754  EEL     =     -115.9770  HBOND      =        0.0000
 1-4 VDW =       16.5952  1-4 EEL =       46.6312  RESTRAINT  =        0.0000


   NSTEP       ENERGY          RMS            GMAX         NAME    NUMBER
    430      -1.7009E+01     1.0243E-01     3.7735E-01     C8         24

 BOND    =        1.5935  ANGLE   =       11.4614  DIHED      =       43.2732
 VDWAALS =      -20.5717  EEL     =     -115.9699  HBOND      =        0.0000
 1-4 VDW =       16.5881  1-4 EEL =       46.6161  RESTRAINT  =        0.0000


   NSTEP       ENERGY          RMS            GMAX         NAME    NUMBER
    440      -1.7042E+01     2.1172E-01     2.0365E+00     C9         27

 BOND    =        1.5944  ANGLE   =       11.4635  DIHED      =       43.2502
 VDWAALS =      -20.5674  EEL     =     -115.9626  HBOND      =        0.0000
 1-4 VDW =       16.5801  1-4 EEL =       46.6001  RESTRAINT  =        0.0000


   NSTEP       ENERGY          RMS            GMAX         NAME    NUMBER
    450      -1.7074E+01     1.3349E-01     1.0053E+00     C9         27

 BOND    =        1.5945  ANGLE   =       11.4611  DIHED      =       43.2302
 VDWAALS =      -20.5638  EEL     =     -115.9558  HBOND      =        0.0000
 1-4 VDW =       16.5742  1-4 EEL =       46.5860  RESTRAINT  =        0.0000


   NSTEP       ENERGY          RMS            GMAX         NAME    NUMBER
    460      -1.7103E+01     2.5656E-01     2.5674E+00     C9         27

 BOND    =        1.5961  ANGLE   =       11.4628  DIHED      =       43.2090
 VDWAALS =      -20.5597  EEL     =     -115.9492  HBOND      =        0.0000
 1-4 VDW =       16.5671  1-4 EEL =       46.5711  RESTRAINT  =        0.0000


   NSTEP       ENERGY          RMS            GMAX         NAME    NUMBER
    470      -1.7134E+01     2.6376E-01     2.6505E+00     C9         27

 BOND    =        1.5967  ANGLE   =       11.4620  DIHED      =       43.1885
 VDWAALS =      -20.5558  EEL     =     -115.9424  HBOND      =        0.0000
 1-4 VDW =       16.5609  1-4 EEL =       46.5565  RESTRAINT  =        0.0000


   NSTEP       ENERGY          RMS            GMAX         NAME    NUMBER
    480      -1.7164E+01     3.0523E-01     3.1215E+00     C9         27

 BOND    =        1.5980  ANGLE   =       11.4618  DIHED      =       43.1675
 VDWAALS =      -20.5516  EEL     =     -115.9356  HBOND      =        0.0000
 1-4 VDW =       16.5545  1-4 EEL =       46.5414  RESTRAINT  =        0.0000


   NSTEP       ENERGY          RMS            GMAX         NAME    NUMBER
    490      -1.7193E+01     3.1182E-01     3.1969E+00     C9         27

 BOND    =        1.5985  ANGLE   =       11.4609  DIHED      =       43.1486
 VDWAALS =      -20.5479  EEL     =     -115.9294  HBOND      =        0.0000
 1-4 VDW =       16.5490  1-4 EEL =       46.5278  RESTRAINT  =        0.0000


   NSTEP       ENERGY          RMS            GMAX         NAME    NUMBER
    500      -1.7223E+01     3.2703E-01     3.3678E+00     C9         27

 BOND    =        1.5992  ANGLE   =       11.4599  DIHED      =       43.1286
 VDWAALS =      -20.5438  EEL     =     -115.9229  HBOND      =        0.0000
 1-4 VDW =       16.5432  1-4 EEL =       46.5133  RESTRAINT  =        0.0000


   NSTEP       ENERGY          RMS            GMAX         NAME    NUMBER
    510      -1.7249E+01     3.6325E-01     3.7702E+00     C9         27

 BOND    =        1.6005  ANGLE   =       11.4595  DIHED      =       43.1104
 VDWAALS =      -20.5401  EEL     =     -115.9170  HBOND      =        0.0000
 1-4 VDW =       16.5379  1-4 EEL =       46.5001  RESTRAINT  =        0.0000


   NSTEP       ENERGY          RMS            GMAX         NAME    NUMBER
    520      -1.7285E+01     1.1618E-01     7.5538E-01     C8         24

 BOND    =        1.5988  ANGLE   =       11.4509  DIHED      =       43.0918
 VDWAALS =      -20.5368  EEL     =     -115.9101  HBOND      =        0.0000
 1-4 VDW =       16.5343  1-4 EEL =       46.4860  RESTRAINT  =        0.0000


   NSTEP       ENERGY          RMS            GMAX         NAME    NUMBER
    530      -1.7314E+01     1.2065E-01     8.3848E-01     C8         24

 BOND    =        1.5992  ANGLE   =       11.4494  DIHED      =       43.0730
 VDWAALS =      -20.5329  EEL     =     -115.9040  HBOND      =        0.0000
 1-4 VDW =       16.5292  1-4 EEL =       46.4722  RESTRAINT  =        0.0000


   NSTEP       ENERGY          RMS            GMAX         NAME    NUMBER
    540      -1.7341E+01     9.8942E-02     3.6406E-01     C8         24

 BOND    =        1.5986  ANGLE   =       11.4487  DIHED      =       43.0557
 VDWAALS =      -20.5291  EEL     =     -115.8984  HBOND      =        0.0000
 1-4 VDW =       16.5243  1-4 EEL =       46.4594  RESTRAINT  =        0.0000


   NSTEP       ENERGY          RMS            GMAX         NAME    NUMBER
    550      -1.7370E+01     1.8821E-01     1.7737E+00     C8         24

 BOND    =        1.6016  ANGLE   =       11.4452  DIHED      =       43.0358
 VDWAALS =      -20.5251  EEL     =     -115.8917  HBOND      =        0.0000
 1-4 VDW =       16.5195  1-4 EEL =       46.4445  RESTRAINT  =        0.0000


   NSTEP       ENERGY          RMS            GMAX         NAME    NUMBER
    560      -1.7397E+01     1.0042E-01     4.2989E-01     C8         24

 BOND    =        1.5990  ANGLE   =       11.4455  DIHED      =       43.0195
 VDWAALS =      -20.5213  EEL     =     -115.8867  HBOND      =        0.0000
 1-4 VDW =       16.5146  1-4 EEL =       46.4324  RESTRAINT  =        0.0000


   NSTEP       ENERGY          RMS            GMAX         NAME    NUMBER
    570      -1.7426E+01     1.3141E-01     1.0236E+00     C8         24

 BOND    =        1.6002  ANGLE   =       11.4430  DIHED      =       43.0008
 VDWAALS =      -20.5173  EEL     =     -115.8805  HBOND      =        0.0000
 1-4 VDW =       16.5099  1-4 EEL =       46.4183  RESTRAINT  =        0.0000


   NSTEP       ENERGY          RMS            GMAX         NAME    NUMBER
    580      -1.7451E+01     2.4782E-01     2.4778E+00     C8         24

 BOND    =        1.6042  ANGLE   =       11.4396  DIHED      =       42.9827
 VDWAALS =      -20.5134  EEL     =     -115.8745  HBOND      =        0.0000
 1-4 VDW =       16.5058  1-4 EEL =       46.4045  RESTRAINT  =        0.0000


   NSTEP       ENERGY          RMS            GMAX         NAME    NUMBER
    590      -1.7479E+01     2.7106E-01     2.7428E+00     C8         24

 BOND    =        1.6052  ANGLE   =       11.4375  DIHED      =       42.9643
 VDWAALS =      -20.5093  EEL     =     -115.8685  HBOND      =        0.0000
 1-4 VDW =       16.5011  1-4 EEL =       46.3905  RESTRAINT  =        0.0000


   NSTEP       ENERGY          RMS            GMAX         NAME    NUMBER
    600      -1.7505E+01     2.8537E-01     2.9040E+00     C8         24

 BOND    =        1.6058  ANGLE   =       11.4356  DIHED      =       42.9473
 VDWAALS =      -20.5055  EEL     =     -115.8631  HBOND      =        0.0000
 1-4 VDW =       16.4969  1-4 EEL =       46.3776  RESTRAINT  =        0.0000


   NSTEP       ENERGY          RMS            GMAX         NAME    NUMBER
    610      -1.7533E+01     3.1477E-01     3.2314E+00     C8         24

 BOND    =        1.6072  ANGLE   =       11.4333  DIHED      =       42.9294
 VDWAALS =      -20.5014  EEL     =     -115.8573  HBOND      =        0.0000
 1-4 VDW =       16.4925  1-4 EEL =       46.3638  RESTRAINT  =        0.0000


   NSTEP       ENERGY          RMS            GMAX         NAME    NUMBER
    620      -1.7566E+01     9.7713E-02     4.1835E-01     C8         24

 BOND    =        1.5987  ANGLE   =       11.4358  DIHED      =       42.9118
 VDWAALS =      -20.4968  EEL     =     -115.8526  HBOND      =        0.0000
 1-4 VDW =       16.4868  1-4 EEL =       46.3507  RESTRAINT  =        0.0000


   NSTEP       ENERGY          RMS            GMAX         NAME    NUMBER
    630      -1.7585E+01     3.6020E-01     3.7325E+00     C8         24

 BOND    =        1.6094  ANGLE   =       11.4291  DIHED      =       42.8947
 VDWAALS =      -20.4934  EEL     =     -115.8464  HBOND      =        0.0000
 1-4 VDW =       16.4840  1-4 EEL =       46.3372  RESTRAINT  =        0.0000


   NSTEP       ENERGY          RMS            GMAX         NAME    NUMBER
    640      -1.7611E+01     3.9586E-01     4.1222E+00     C8         24

 BOND    =        1.6113  ANGLE   =       11.4267  DIHED      =       42.8773
 VDWAALS =      -20.4894  EEL     =     -115.8409  HBOND      =        0.0000
 1-4 VDW =       16.4799  1-4 EEL =       46.3237  RESTRAINT  =        0.0000


   NSTEP       ENERGY          RMS            GMAX         NAME    NUMBER
    650      -1.7644E+01     9.4272E-02     3.5528E-01     C8         24

 BOND    =        1.5988  ANGLE   =       11.4300  DIHED      =       42.8622
 VDWAALS =      -20.4851  EEL     =     -115.8371  HBOND      =        0.0000
 1-4 VDW =       16.4746  1-4 EEL =       46.3124  RESTRAINT  =        0.0000


   NSTEP       ENERGY          RMS            GMAX         NAME    NUMBER
    660      -1.7672E+01     1.6254E-01     1.4638E+00     C9         27

 BOND    =        1.5986  ANGLE   =       11.4296  DIHED      =       42.8443
 VDWAALS =      -20.4807  EEL     =     -115.8318  HBOND      =        0.0000
 1-4 VDW =       16.4699  1-4 EEL =       46.2986  RESTRAINT  =        0.0000


   NSTEP       ENERGY          RMS            GMAX         NAME    NUMBER
    670      -1.7697E+01     1.8322E-01     1.7230E+00     C9         27

 BOND    =        1.5987  ANGLE   =       11.4280  DIHED      =       42.8279
 VDWAALS =      -20.4767  EEL     =     -115.8268  HBOND      =        0.0000
 1-4 VDW =       16.4658  1-4 EEL =       46.2857  RESTRAINT  =        0.0000


   NSTEP       ENERGY          RMS            GMAX         NAME    NUMBER
    680      -1.7724E+01     1.2917E-01     1.0125E+00     C9         27

 BOND    =        1.5984  ANGLE   =       11.4249  DIHED      =       42.8121
 VDWAALS =      -20.4729  EEL     =     -115.8219  HBOND      =        0.0000
 1-4 VDW =       16.4623  1-4 EEL =       46.2733  RESTRAINT  =        0.0000


   NSTEP       ENERGY          RMS            GMAX         NAME    NUMBER
    690      -1.7748E+01     2.3218E-01     2.3048E+00     C9         27

 BOND    =        1.5991  ANGLE   =       11.4249  DIHED      =       42.7958
 VDWAALS =      -20.4687  EEL     =     -115.8173  HBOND      =        0.0000
 1-4 VDW =       16.4580  1-4 EEL =       46.2606  RESTRAINT  =        0.0000


   NSTEP       ENERGY          RMS            GMAX         NAME    NUMBER
    700      -1.7775E+01     1.6001E-01     1.4370E+00     C9         27

 BOND    =        1.5984  ANGLE   =       11.4213  DIHED      =       42.7800
 VDWAALS =      -20.4650  EEL     =     -115.8124  HBOND      =        0.0000
 1-4 VDW =       16.4546  1-4 EEL =       46.2482  RESTRAINT  =        0.0000


   NSTEP       ENERGY          RMS            GMAX         NAME    NUMBER
    710      -1.7797E+01     2.7431E-01     2.7850E+00     C9         27

 BOND    =        1.5997  ANGLE   =       11.4215  DIHED      =       42.7641
 VDWAALS =      -20.4608  EEL     =     -115.8079  HBOND      =        0.0000
 1-4 VDW =       16.4504  1-4 EEL =       46.2357  RESTRAINT  =        0.0000


   NSTEP       ENERGY          RMS            GMAX         NAME    NUMBER
    720      -1.7821E+01     2.8634E-01     2.9205E+00     C9         27

 BOND    =        1.5999  ANGLE   =       11.4197  DIHED      =       42.7492
 VDWAALS =      -20.4571  EEL     =     -115.8036  HBOND      =        0.0000
 1-4 VDW =       16.4469  1-4 EEL =       46.2239  RESTRAINT  =        0.0000


   NSTEP       ENERGY          RMS            GMAX         NAME    NUMBER
    730      -1.7847E+01     3.0612E-01     3.1418E+00     C9         27

 BOND    =        1.6002  ANGLE   =       11.4178  DIHED      =       42.7329
 VDWAALS =      -20.4529  EEL     =     -115.7989  HBOND      =        0.0000
 1-4 VDW =       16.4431  1-4 EEL =       46.2110  RESTRAINT  =        0.0000


   NSTEP       ENERGY          RMS            GMAX         NAME    NUMBER
    740      -1.7870E+01     3.3419E-01     3.4530E+00     C9         27

 BOND    =        1.6008  ANGLE   =       11.4162  DIHED      =       42.7179
 VDWAALS =      -20.4491  EEL     =     -115.7946  HBOND      =        0.0000
 1-4 VDW =       16.4396  1-4 EEL =       46.1991  RESTRAINT  =        0.0000


   NSTEP       ENERGY          RMS            GMAX         NAME    NUMBER
    750      -1.7895E+01     3.5354E-01     3.6660E+00     C9         27

 BOND    =        1.6013  ANGLE   =       11.4143  DIHED      =       42.7021
 VDWAALS =      -20.4450  EEL     =     -115.7901  HBOND      =        0.0000
 1-4 VDW =       16.4359  1-4 EEL =       46.1865  RESTRAINT  =        0.0000


   NSTEP       ENERGY          RMS            GMAX         NAME    NUMBER
    760      -1.7928E+01     1.1001E-01     7.3173E-01     C8         24

 BOND    =        1.5993  ANGLE   =       11.4050  DIHED      =       42.6864
 VDWAALS =      -20.4416  EEL     =     -115.7848  HBOND      =        0.0000
 1-4 VDW =       16.4338  1-4 EEL =       46.1736  RESTRAINT  =        0.0000


   NSTEP       ENERGY          RMS            GMAX         NAME    NUMBER
    770      -1.7952E+01     9.1361E-02     3.1314E-01     H69       122

 BOND    =        1.5986  ANGLE   =       11.4035  DIHED      =       42.6723
 VDWAALS =      -20.4380  EEL     =     -115.7809  HBOND      =        0.0000
 1-4 VDW =       16.4305  1-4 EEL =       46.1624  RESTRAINT  =        0.0000


   NSTEP       ENERGY          RMS            GMAX         NAME    NUMBER
    780      -1.7977E+01     9.4296E-02     4.0750E-01     C8         24

 BOND    =        1.5987  ANGLE   =       11.4010  DIHED      =       42.6569
 VDWAALS =      -20.4340  EEL     =     -115.7766  HBOND      =        0.0000
 1-4 VDW =       16.4271  1-4 EEL =       46.1500  RESTRAINT  =        0.0000


   NSTEP       ENERGY          RMS            GMAX         NAME    NUMBER
    790      -1.8001E+01     1.1555E-01     8.3249E-01     C8         24

 BOND    =        1.5992  ANGLE   =       11.3981  DIHED      =       42.6420
 VDWAALS =      -20.4301  EEL     =     -115.7724  HBOND      =        0.0000
 1-4 VDW =       16.4239  1-4 EEL =       46.1380  RESTRAINT  =        0.0000


   NSTEP       ENERGY          RMS            GMAX         NAME    NUMBER
    800      -1.8024E+01     2.1635E-01     2.1258E+00     C8         24

 BOND    =        1.6023  ANGLE   =       11.3943  DIHED      =       42.6271
 VDWAALS =      -20.4265  EEL     =     -115.7681  HBOND      =        0.0000
 1-4 VDW =       16.4211  1-4 EEL =       46.1259  RESTRAINT  =        0.0000


   NSTEP       ENERGY          RMS            GMAX         NAME    NUMBER
    810      -1.8048E+01     2.3388E-01     2.3269E+00     C8         24

 BOND    =        1.6028  ANGLE   =       11.3917  DIHED      =       42.6126
 VDWAALS =      -20.4226  EEL     =     -115.7641  HBOND      =        0.0000
 1-4 VDW =       16.4180  1-4 EEL =       46.1141  RESTRAINT  =        0.0000


   NSTEP       ENERGY          RMS            GMAX         NAME    NUMBER
    820      -1.8072E+01     2.5209E-01     2.5340E+00     C8         24

 BOND    =        1.6034  ANGLE   =       11.3891  DIHED      =       42.5979
 VDWAALS =      -20.4188  EEL     =     -115.7602  HBOND      =        0.0000
 1-4 VDW =       16.4148  1-4 EEL =       46.1023  RESTRAINT  =        0.0000


   NSTEP       ENERGY          RMS            GMAX         NAME    NUMBER
    830      -1.8094E+01     2.6055E-01     2.6292E+00     C8         24

 BOND    =        1.6036  ANGLE   =       11.3868  DIHED      =       42.5841
 VDWAALS =      -20.4151  EEL     =     -115.7566  HBOND      =        0.0000
 1-4 VDW =       16.4118  1-4 EEL =       46.0912  RESTRAINT  =        0.0000


   NSTEP       ENERGY          RMS            GMAX         NAME    NUMBER
    840      -1.8117E+01     3.2044E-01     3.2938E+00     C8         24

 BOND    =        1.6061  ANGLE   =       11.3836  DIHED      =       42.5695
 VDWAALS =      -20.4113  EEL     =     -115.7526  HBOND      =        0.0000
 1-4 VDW =       16.4089  1-4 EEL =       46.0792  RESTRAINT  =        0.0000


   NSTEP       ENERGY          RMS            GMAX         NAME    NUMBER
    850      -1.8140E+01     3.0053E-01     3.0739E+00     C8         24

 BOND    =        1.6051  ANGLE   =       11.3816  DIHED      =       42.5560
 VDWAALS =      -20.4076  EEL     =     -115.7492  HBOND      =        0.0000
 1-4 VDW =       16.4059  1-4 EEL =       46.0683  RESTRAINT  =        0.0000


   NSTEP       ENERGY          RMS            GMAX         NAME    NUMBER
    860      -1.8161E+01     3.2945E-01     3.3922E+00     C8         24

 BOND    =        1.6063  ANGLE   =       11.3790  DIHED      =       42.5426
 VDWAALS =      -20.4041  EEL     =     -115.7458  HBOND      =        0.0000
 1-4 VDW =       16.4031  1-4 EEL =       46.0574  RESTRAINT  =        0.0000


   NSTEP       ENERGY          RMS            GMAX         NAME    NUMBER
    870      -1.8185E+01     3.5393E-01     3.6600E+00     C8         24

 BOND    =        1.6074  ANGLE   =       11.3762  DIHED      =       42.5281
 VDWAALS =      -20.4002  EEL     =     -115.7421  HBOND      =        0.0000
 1-4 VDW =       16.4001  1-4 EEL =       46.0456  RESTRAINT  =        0.0000


   NSTEP       ENERGY          RMS            GMAX         NAME    NUMBER
    880      -1.8214E+01     8.9175E-02     3.6003E-01     C8         24

 BOND    =        1.5969  ANGLE   =       11.3785  DIHED      =       42.5148
 VDWAALS =      -20.3960  EEL     =     -115.7396  HBOND      =        0.0000
 1-4 VDW =       16.3960  1-4 EEL =       46.0353  RESTRAINT  =        0.0000


   NSTEP       ENERGY          RMS            GMAX         NAME    NUMBER
    890      -1.8238E+01     8.7823E-02     3.2906E-01     C8         24

 BOND    =        1.5969  ANGLE   =       11.3760  DIHED      =       42.5008
 VDWAALS =      -20.3921  EEL     =     -115.7362  HBOND      =        0.0000
 1-4 VDW =       16.3930  1-4 EEL =       46.0239  RESTRAINT  =        0.0000


   NSTEP       ENERGY          RMS            GMAX         NAME    NUMBER
    900      -1.8262E+01     9.1448E-02     4.1924E-01     C8         24

 BOND    =        1.5967  ANGLE   =       11.3736  DIHED      =       42.4864
 VDWAALS =      -20.3882  EEL     =     -115.7328  HBOND      =        0.0000
 1-4 VDW =       16.3899  1-4 EEL =       46.0122  RESTRAINT  =        0.0000


   NSTEP       ENERGY          RMS            GMAX         NAME    NUMBER
    910      -1.8285E+01     1.1338E-01     8.1939E-01     C9         27

 BOND    =        1.5964  ANGLE   =       11.3717  DIHED      =       42.4726
 VDWAALS =      -20.3843  EEL     =     -115.7297  HBOND      =        0.0000
 1-4 VDW =       16.3869  1-4 EEL =       46.0010  RESTRAINT  =        0.0000


   NSTEP       ENERGY          RMS            GMAX         NAME    NUMBER
    920      -1.8309E+01     1.2719E-01     1.0278E+00     C9         27

 BOND    =        1.5962  ANGLE   =       11.3694  DIHED      =       42.4585
 VDWAALS =      -20.3803  EEL     =     -115.7264  HBOND      =        0.0000
 1-4 VDW =       16.3839  1-4 EEL =       45.9895  RESTRAINT  =        0.0000


   NSTEP       ENERGY          RMS            GMAX         NAME    NUMBER
    930      -1.8330E+01     2.2270E-01     2.2068E+00     C9         27

 BOND    =        1.5968  ANGLE   =       11.3688  DIHED      =       42.4449
 VDWAALS =      -20.3763  EEL     =     -115.7236  HBOND      =        0.0000
 1-4 VDW =       16.3806  1-4 EEL =       45.9786  RESTRAINT  =        0.0000


   NSTEP       ENERGY          RMS            GMAX         NAME    NUMBER
    940      -1.8354E+01     2.4038E-01     2.4085E+00     C9         27

 BOND    =        1.5969  ANGLE   =       11.3665  DIHED      =       42.4308
 VDWAALS =      -20.3724  EEL     =     -115.7205  HBOND      =        0.0000
 1-4 VDW =       16.3777  1-4 EEL =       45.9672  RESTRAINT  =        0.0000


   NSTEP       ENERGY          RMS            GMAX         NAME    NUMBER
    950      -1.8376E+01     2.5659E-01     2.5920E+00     C9         27

 BOND    =        1.5971  ANGLE   =       11.3643  DIHED      =       42.4177
 VDWAALS =      -20.3687  EEL     =     -115.7176  HBOND      =        0.0000
 1-4 VDW =       16.3749  1-4 EEL =       45.9565  RESTRAINT  =        0.0000


   NSTEP       ENERGY          RMS            GMAX         NAME    NUMBER
    960      -1.8398E+01     2.8009E-01     2.8556E+00     C9         27

 BOND    =        1.5974  ANGLE   =       11.3622  DIHED      =       42.4044
 VDWAALS =      -20.3648  EEL     =     -115.7148  HBOND      =        0.0000
 1-4 VDW =       16.3721  1-4 EEL =       45.9457  RESTRAINT  =        0.0000


   NSTEP       ENERGY          RMS            GMAX         NAME    NUMBER
    970      -1.8424E+01     9.2468E-02     4.4427E-01     C8         24

 BOND    =        1.5967  ANGLE   =       11.3547  DIHED      =       42.3921
 VDWAALS =      -20.3618  EEL     =     -115.7115  HBOND      =        0.0000
 1-4 VDW =       16.3707  1-4 EEL =       45.9353  RESTRAINT  =        0.0000


   NSTEP       ENERGY          RMS            GMAX         NAME    NUMBER
    980      -1.8440E+01     3.2355E-01     3.3367E+00     C9         27

 BOND    =        1.5981  ANGLE   =       11.3580  DIHED      =       42.3789
 VDWAALS =      -20.3575  EEL     =     -115.7095  HBOND      =        0.0000
 1-4 VDW =       16.3667  1-4 EEL =       45.9250  RESTRAINT  =        0.0000


   NSTEP       ENERGY          RMS            GMAX         NAME    NUMBER
    990      -1.8460E+01     3.4914E-01     3.6175E+00     C9         27

 BOND    =        1.5987  ANGLE   =       11.3561  DIHED      =       42.3666
 VDWAALS =      -20.3540  EEL     =     -115.7070  HBOND      =        0.0000
 1-4 VDW =       16.3642  1-4 EEL =       45.9151  RESTRAINT  =        0.0000


   NSTEP       ENERGY          RMS            GMAX         NAME    NUMBER
   1000      -1.8488E+01     8.6993E-02     3.0908E-01     C9         27

 BOND    =        1.5962  ANGLE   =       11.3475  DIHED      =       42.3548
 VDWAALS =      -20.3512  EEL     =     -115.7039  HBOND      =        0.0000
 1-4 VDW =       16.3631  1-4 EEL =       45.9050  RESTRAINT  =        0.0000


  Maximum number of minimization cycles reached.


                    FINAL RESULTS



   NSTEP       ENERGY          RMS            GMAX         NAME    NUMBER
   1000      -1.8488E+01     8.6993E-02     3.0908E-01     C9         27

 BOND    =        1.5962  ANGLE   =       11.3475  DIHED      =       42.3548
 VDWAALS =      -20.3512  EEL     =     -115.7039  HBOND      =        0.0000
 1-4 VDW =       16.3631  1-4 EEL =       45.9050  RESTRAINT  =        0.0000

--------------------------------------------------------------------------------
   5.  TIMINGS
--------------------------------------------------------------------------------

|    Read coords time           0.00 ( 0.14% of Total)
|                Build the list             0.00 (85.15% of List )
|                Other                      0.00 (14.85% of List )
|             List time                  0.00 ( 0.51% of Nonbo)
|                   Short_ene time             0.37 (99.73% of Direc)
|                   Other                      0.00 ( 0.27% of Direc)
|                Direct Ewald time          0.37 (95.77% of Ewald)
|                Force Adjust               0.00 ( 0.02% of Ewald)
|                Virial junk                0.00 ( 0.02% of Ewald)
|                Start synchronizatio       0.00 ( 0.04% of Ewald)
|                Other                      0.02 ( 4.15% of Ewald)
|             Ewald time                 0.39 (99.44% of Nonbo)
|             IPS excludes               0.00 ( 0.01% of Nonbo)
|             Other                      0.00 ( 0.05% of Nonbo)
|          Nonbond force              0.39 (86.70% of Force)
|          Bond/Angle/Dihedral        0.06 (13.12% of Force)
|          Other                      0.00 ( 0.19% of Force)
|       Force time                 0.45 (100.0% of Runmd)
|    Runmd Time                 0.45 (96.87% of Total)
|    Other                      0.01 ( 2.98% of Total)
| Total time                 0.47 (100.0% of ALL  )

| Highest rstack allocated:        615
| Highest istack allocated:        123

| Final Performance Info:
| -----------------------------------------------------
| Average timings for all steps:
|     Elapsed(s) =       0.46 Per Step(ms) =     459.95
|         ns/day =       0.19   seconds/ns =  459952.06
| -----------------------------------------------------

|           Job began  at 10:20:27.662  on 12/10/2012
|           Setup done at 10:20:27.671  on 12/10/2012
|           Run   done at 10:20:28.131  on 12/10/2012
|     wallclock() was called   23036 times
